#0 building with "desktop-linux" instance using docker driver

#1 [internal] load build definition from Dockerfile
#1 transferring dockerfile: 1.78kB done
#1 WARN: FromPlatformFlagConstDisallowed: FROM --platform flag should not use constant value "linux/amd64" (line 5)
#1 DONE 0.0s

#2 [internal] load metadata for docker.io/nvidia/cuda:12.4.1-cudnn-devel-ubuntu22.04
#2 ...

#3 [auth] nvidia/cuda:pull token for registry-1.docker.io
#3 DONE 0.0s

#2 [internal] load metadata for docker.io/nvidia/cuda:12.4.1-cudnn-devel-ubuntu22.04
#2 DONE 4.9s

#4 [internal] load .dockerignore
#4 transferring context: 2B done
#4 DONE 0.0s

#5 [internal] load build context
#5 transferring context: 3.83kB done
#5 DONE 0.0s

#6 [ 1/11] FROM docker.io/nvidia/cuda:12.4.1-cudnn-devel-ubuntu22.04@sha256:622e78a1d02c0f90ed900e3985d6c975d8e2dc9ee5e61643aed587dcf9129f42
#6 resolve docker.io/nvidia/cuda:12.4.1-cudnn-devel-ubuntu22.04@sha256:622e78a1d02c0f90ed900e3985d6c975d8e2dc9ee5e61643aed587dcf9129f42 done
#6 DONE 0.0s

#7 [ 2/11] RUN apt-get update && apt-get install -y     software-properties-common &&     add-apt-repository ppa:deadsnakes/ppa -y &&     apt-get update && apt-get install -y     python3.12 python3.12-dev     git curl libgl1 libglib2.0-0     && curl -sS https://bootstrap.pypa.io/get-pip.py | python3.12     && ln -sf /usr/bin/python3.12 /usr/bin/python3     && ln -sf /usr/bin/python3.12 /usr/bin/python     && apt-get clean && rm -rf /var/lib/apt/lists/*
#7 CACHED

#8 [ 3/11] WORKDIR /app
#8 CACHED

#9 [ 4/11] RUN pip install --no-cache-dir     --extra-index-url https://download.pytorch.org/whl/cu124     torch==2.8.0 torchvision==0.23.0 torchaudio==2.8.0
#9 CACHED

#10 [ 5/11] RUN pip install --no-cache-dir     tensorrt-cu12-bindings==10.16.1.11     tensorrt-cu12-libs==10.16.1.11
#10 0.911 Collecting tensorrt-cu12-bindings==10.16.1.11
#10 0.981   Downloading tensorrt_cu12_bindings-10.16.1.11-cp312-none-manylinux_2_28_x86_64.whl.metadata (664 bytes)
#10 0.997 Collecting tensorrt-cu12-libs==10.16.1.11
#10 1.008   Downloading tensorrt_cu12_libs-10.16.1.11.tar.gz (15 kB)
#10 1.016   Installing build dependencies: started
#10 2.050   Installing build dependencies: finished with status 'done'
#10 2.051   Getting requirements to build wheel: started
#10 2.378   Getting requirements to build wheel: finished with status 'done'
#10 2.381   Preparing metadata (pyproject.toml): started
#10 1831.9   Preparing metadata (pyproject.toml): finished with status 'done'
#10 1832.6 Downloading tensorrt_cu12_bindings-10.16.1.11-cp312-none-manylinux_2_28_x86_64.whl (1.3 MB)
#10 1833.0    ━━━━━━━━━━━━━━━━━━━━━━━━━━━━━━━━━━━━━━━━ 1.3/1.3 MB 4.5 MB/s  0:00:00
#10 1833.0 Building wheels for collected packages: tensorrt-cu12-libs
#10 1833.0   Building wheel for tensorrt-cu12-libs (pyproject.toml): started
#10 1915.9   Building wheel for tensorrt-cu12-libs (pyproject.toml): finished with status 'done'
#10 1972.6   Created wheel for tensorrt-cu12-libs: filename=tensorrt_cu12_libs-10.16.1.11-py3-none-manylinux_2_28_x86_64.whl size=4304294549 sha256=8e45036efeb964d323231544442a73619201136ccc84392560254cc8f0d516e4
#10 1972.6   Stored in directory: /tmp/pip-ephem-wheel-cache-5ckaoum5/wheels/b5/f0/ba/4cc5eb6ac13f08817680d4442c19eba3479ac333f8ae9e405b
#10 1972.8 Successfully built tensorrt-cu12-libs
#10 1973.2 Installing collected packages: tensorrt-cu12-libs, tensorrt-cu12-bindings
#10 2144.7 
#10 2144.7 Successfully installed tensorrt-cu12-bindings-10.16.1.11 tensorrt-cu12-libs-10.16.1.11
#10 2144.7 WARNING: Running pip as the 'root' user can result in broken permissions and conflicting behaviour with the system package manager, possibly rendering your system unusable. It is recommended to use a virtual environment instead: https://pip.pypa.io/warnings/venv. Use the --root-user-action option if you know what you are doing and want to suppress this warning.
#10 DONE 2149.8s

#11 [ 6/11] COPY backend/requirements.txt .
#11 DONE 0.6s

#12 [ 7/11] RUN pip install --no-cache-dir -r requirements.txt
#12 1.766 Collecting sam3 (from -r requirements.txt (line 11))
#12 1.766   Cloning https://github.com/facebookresearch/sam3.git to /tmp/pip-install-fkk6f4tq/sam3_97bccae20b484834a810c5320b88a48b
#12 1.801   Running command git clone --filter=blob:none --quiet https://github.com/facebookresearch/sam3.git /tmp/pip-install-fkk6f4tq/sam3_97bccae20b484834a810c5320b88a48b
#12 30.38   Resolved https://github.com/facebookresearch/sam3.git to commit 44ef224799e7b32e017855823883909d38ffb30f
#12 30.43   Installing build dependencies: started
#12 32.07   Installing build dependencies: finished with status 'done'
#12 32.07   Getting requirements to build wheel: started
#12 32.55   Getting requirements to build wheel: finished with status 'done'
#12 32.55   Preparing metadata (pyproject.toml): started
#12 32.80   Preparing metadata (pyproject.toml): finished with status 'done'
#12 32.98 Collecting fastapi>=0.115.0 (from -r requirements.txt (line 2))
#12 33.05   Downloading fastapi-0.135.3-py3-none-any.whl.metadata (28 kB)
#12 33.09 Collecting uvicorn>=0.30.0 (from uvicorn[standard]>=0.30.0->-r requirements.txt (line 3))
#12 33.10   Downloading uvicorn-0.44.0-py3-none-any.whl.metadata (6.7 kB)
#12 33.11 Collecting python-multipart>=0.0.9 (from -r requirements.txt (line 4))
#12 33.12   Downloading python_multipart-0.0.26-py3-none-any.whl.metadata (2.1 kB)
#12 33.32 Collecting pydantic>=2.0.0 (from -r requirements.txt (line 5))
#12 33.34   Downloading pydantic-2.13.0-py3-none-any.whl.metadata (107 kB)
#12 33.40 Collecting pydantic-settings>=2.0.0 (from -r requirements.txt (line 6))
#12 33.43   Downloading pydantic_settings-2.13.1-py3-none-any.whl.metadata (3.4 kB)
#12 33.44 Collecting iopath>=0.1.10 (from -r requirements.txt (line 12))
#12 33.48   Downloading iopath-0.1.10.tar.gz (42 kB)
#12 33.52   Installing build dependencies: started
#12 34.57   Installing build dependencies: finished with status 'done'
#12 34.57   Getting requirements to build wheel: started
#12 35.00   Getting requirements to build wheel: finished with status 'done'
#12 35.00   Preparing metadata (pyproject.toml): started
#12 35.23   Preparing metadata (pyproject.toml): finished with status 'done'
#12 35.25 Collecting einops (from -r requirements.txt (line 13))
#12 35.29   Downloading einops-0.8.2-py3-none-any.whl.metadata (13 kB)
#12 35.31 Collecting timm>=1.0.17 (from -r requirements.txt (line 14))
#12 35.43   Downloading timm-1.0.26-py3-none-any.whl.metadata (39 kB)
#12 35.46 Collecting pycocotools (from -r requirements.txt (line 15))
#12 35.47   Downloading pycocotools-2.0.11-cp312-abi3-manylinux2014_x86_64.manylinux_2_17_x86_64.manylinux_2_28_x86_64.whl.metadata (1.3 kB)
#12 35.65 Collecting ultralytics (from -r requirements.txt (line 18))
#12 35.66   Downloading ultralytics-8.4.37-py3-none-any.whl.metadata (39 kB)
#12 35.77 Collecting opencv-python==4.10.0.84 (from -r requirements.txt (line 19))
#12 35.78   Downloading opencv_python-4.10.0.84-cp37-abi3-manylinux_2_17_x86_64.manylinux2014_x86_64.whl.metadata (20 kB)
#12 36.26 Collecting Pillow==10.4.0 (from -r requirements.txt (line 20))
#12 36.29   Downloading pillow-10.4.0-cp312-cp312-manylinux_2_28_x86_64.whl.metadata (9.2 kB)
#12 36.76 Collecting numpy==1.26.4 (from -r requirements.txt (line 21))
#12 36.78   Downloading numpy-1.26.4-cp312-cp312-manylinux_2_17_x86_64.manylinux2014_x86_64.whl.metadata (61 kB)
#12 36.87 Collecting python-dotenv==1.0.1 (from -r requirements.txt (line 24))
#12 36.88   Downloading python_dotenv-1.0.1-py3-none-any.whl.metadata (23 kB)
#12 36.93 Collecting huggingface_hub (from -r requirements.txt (line 25))
#12 36.94   Downloading huggingface_hub-1.10.2-py3-none-any.whl.metadata (14 kB)
#12 36.96 Collecting gdown (from -r requirements.txt (line 26))
#12 36.98   Downloading gdown-6.0.0-py3-none-any.whl.metadata (7.4 kB)
#12 36.99 Collecting aiosqlite>=0.20.0 (from -r requirements.txt (line 27))
#12 37.01   Downloading aiosqlite-0.22.1-py3-none-any.whl.metadata (4.3 kB)
#12 37.05 Collecting tqdm (from sam3->-r requirements.txt (line 11))
#12 37.06   Downloading tqdm-4.67.3-py3-none-any.whl.metadata (57 kB)
#12 37.09 Collecting ftfy==6.1.1 (from sam3->-r requirements.txt (line 11))
#12 37.11   Downloading ftfy-6.1.1-py3-none-any.whl.metadata (6.1 kB)
#12 37.50 Collecting regex (from sam3->-r requirements.txt (line 11))
#12 37.56   Downloading regex-2026.4.4-cp312-cp312-manylinux2014_x86_64.manylinux_2_17_x86_64.manylinux_2_28_x86_64.whl.metadata (40 kB)
#12 37.56 Requirement already satisfied: typing_extensions in /usr/local/lib/python3.12/dist-packages (from sam3->-r requirements.txt (line 11)) (4.15.0)
#12 37.71 Collecting wcwidth>=0.2.5 (from ftfy==6.1.1->sam3->-r requirements.txt (line 11))
#12 37.80   Downloading wcwidth-0.6.0-py3-none-any.whl.metadata (30 kB)
#12 37.86 Collecting starlette>=0.46.0 (from fastapi>=0.115.0->-r requirements.txt (line 2))
#12 37.87   Downloading starlette-1.0.0-py3-none-any.whl.metadata (6.3 kB)
#12 37.89 Collecting typing-inspection>=0.4.2 (from fastapi>=0.115.0->-r requirements.txt (line 2))
#12 37.90   Downloading typing_inspection-0.4.2-py3-none-any.whl.metadata (2.6 kB)
#12 37.92 Collecting annotated-doc>=0.0.2 (from fastapi>=0.115.0->-r requirements.txt (line 2))
#12 37.94   Downloading annotated_doc-0.0.4-py3-none-any.whl.metadata (6.6 kB)
#12 37.96 Collecting click>=7.0 (from uvicorn>=0.30.0->uvicorn[standard]>=0.30.0->-r requirements.txt (line 3))
#12 37.97   Downloading click-8.3.2-py3-none-any.whl.metadata (2.6 kB)
#12 37.99 Collecting h11>=0.8 (from uvicorn>=0.30.0->uvicorn[standard]>=0.30.0->-r requirements.txt (line 3))
#12 38.00   Downloading h11-0.16.0-py3-none-any.whl.metadata (8.3 kB)
#12 38.02 Collecting annotated-types>=0.6.0 (from pydantic>=2.0.0->-r requirements.txt (line 5))
#12 38.06   Downloading annotated_types-0.7.0-py3-none-any.whl.metadata (15 kB)
#12 39.15 Collecting pydantic-core==2.46.0 (from pydantic>=2.0.0->-r requirements.txt (line 5))
#12 39.16   Downloading pydantic_core-2.46.0-cp312-cp312-manylinux_2_17_x86_64.manylinux2014_x86_64.whl.metadata (6.6 kB)
#12 39.18 Collecting portalocker (from iopath>=0.1.10->-r requirements.txt (line 12))
#12 39.20   Downloading portalocker-3.2.0-py3-none-any.whl.metadata (8.7 kB)
#12 39.21 Requirement already satisfied: torch in /usr/local/lib/python3.12/dist-packages (from timm>=1.0.17->-r requirements.txt (line 14)) (2.8.0)
#12 39.21 Requirement already satisfied: torchvision in /usr/local/lib/python3.12/dist-packages (from timm>=1.0.17->-r requirements.txt (line 14)) (0.23.0)
#12 39.25 Collecting pyyaml (from timm>=1.0.17->-r requirements.txt (line 14))
#12 39.27   Downloading pyyaml-6.0.3-cp312-cp312-manylinux2014_x86_64.manylinux_2_17_x86_64.manylinux_2_28_x86_64.whl.metadata (2.4 kB)
#12 39.52 Collecting safetensors (from timm>=1.0.17->-r requirements.txt (line 14))
#12 39.53   Downloading safetensors-0.7.0-cp38-abi3-manylinux_2_17_x86_64.manylinux2014_x86_64.whl.metadata (4.1 kB)
#12 39.78 Collecting matplotlib>=3.3.0 (from ultralytics->-r requirements.txt (line 18))
#12 39.93   Downloading matplotlib-3.10.8-cp312-cp312-manylinux2014_x86_64.manylinux_2_17_x86_64.whl.metadata (52 kB)
#12 39.98 Collecting requests>=2.23.0 (from ultralytics->-r requirements.txt (line 18))
#12 39.99   Downloading requests-2.33.1-py3-none-any.whl.metadata (4.8 kB)
#12 40.37 Collecting scipy>=1.4.1 (from ultralytics->-r requirements.txt (line 18))
#12 40.38   Downloading scipy-1.17.1-cp312-cp312-manylinux_2_27_x86_64.manylinux_2_28_x86_64.whl.metadata (62 kB)
#12 40.50 Collecting psutil>=5.8.0 (from ultralytics->-r requirements.txt (line 18))
#12 40.51   Downloading psutil-7.2.2-cp36-abi3-manylinux2010_x86_64.manylinux_2_12_x86_64.manylinux_2_28_x86_64.whl.metadata (22 kB)
#12 40.87 Collecting polars>=0.20.0 (from ultralytics->-r requirements.txt (line 18))
#12 40.96   Downloading polars-1.39.3-py3-none-any.whl.metadata (10 kB)
#12 40.98 Collecting ultralytics-thop>=2.0.18 (from ultralytics->-r requirements.txt (line 18))
#12 40.99   Downloading ultralytics_thop-2.0.18-py3-none-any.whl.metadata (14 kB)
#12 41.00 Requirement already satisfied: filelock>=3.10.0 in /usr/local/lib/python3.12/dist-packages (from huggingface_hub->-r requirements.txt (line 25)) (3.25.2)
#12 41.00 Requirement already satisfied: fsspec>=2023.5.0 in /usr/local/lib/python3.12/dist-packages (from huggingface_hub->-r requirements.txt (line 25)) (2026.3.0)
#12 41.07 Collecting hf-xet<2.0.0,>=1.4.3 (from huggingface_hub->-r requirements.txt (line 25))
#12 41.08   Downloading hf_xet-1.4.3-cp37-abi3-manylinux2014_x86_64.manylinux_2_17_x86_64.whl.metadata (4.9 kB)
#12 41.11 Collecting httpx<1,>=0.23.0 (from huggingface_hub->-r requirements.txt (line 25))
#12 41.12   Downloading httpx-0.28.1-py3-none-any.whl.metadata (7.1 kB)
#12 41.14 Collecting packaging>=20.9 (from huggingface_hub->-r requirements.txt (line 25))
#12 41.14   Downloading packaging-26.0-py3-none-any.whl.metadata (3.3 kB)
#12 41.17 Collecting typer (from huggingface_hub->-r requirements.txt (line 25))
#12 41.21   Downloading typer-0.24.1-py3-none-any.whl.metadata (16 kB)
#12 41.29 Collecting anyio (from httpx<1,>=0.23.0->huggingface_hub->-r requirements.txt (line 25))
#12 41.29   Downloading anyio-4.13.0-py3-none-any.whl.metadata (4.5 kB)
#12 41.32 Collecting certifi (from httpx<1,>=0.23.0->huggingface_hub->-r requirements.txt (line 25))
#12 41.34   Downloading certifi-2026.2.25-py3-none-any.whl.metadata (2.5 kB)
#12 41.36 Collecting httpcore==1.* (from httpx<1,>=0.23.0->huggingface_hub->-r requirements.txt (line 25))
#12 41.37   Downloading httpcore-1.0.9-py3-none-any.whl.metadata (21 kB)
#12 41.41 Collecting idna (from httpx<1,>=0.23.0->huggingface_hub->-r requirements.txt (line 25))
#12 41.42   Downloading idna-3.11-py3-none-any.whl.metadata (8.4 kB)
#12 41.44 Collecting beautifulsoup4 (from gdown->-r requirements.txt (line 26))
#12 41.45   Downloading beautifulsoup4-4.14.3-py3-none-any.whl.metadata (3.8 kB)
#12 41.55 Collecting contourpy>=1.0.1 (from matplotlib>=3.3.0->ultralytics->-r requirements.txt (line 18))
#12 41.57   Downloading contourpy-1.3.3-cp312-cp312-manylinux_2_27_x86_64.manylinux_2_28_x86_64.whl.metadata (5.5 kB)
#12 41.58 Collecting cycler>=0.10 (from matplotlib>=3.3.0->ultralytics->-r requirements.txt (line 18))
#12 41.59   Downloading cycler-0.12.1-py3-none-any.whl.metadata (3.8 kB)
#12 42.05 Collecting fonttools>=4.22.0 (from matplotlib>=3.3.0->ultralytics->-r requirements.txt (line 18))
#12 42.08   Downloading fonttools-4.62.1-cp312-cp312-manylinux2014_x86_64.manylinux_2_17_x86_64.whl.metadata (117 kB)
#12 42.24 Collecting kiwisolver>=1.3.1 (from matplotlib>=3.3.0->ultralytics->-r requirements.txt (line 18))
#12 42.26   Downloading kiwisolver-1.5.0-cp312-cp312-manylinux2014_x86_64.manylinux_2_17_x86_64.whl.metadata (5.1 kB)
#12 42.32 Collecting pyparsing>=3 (from matplotlib>=3.3.0->ultralytics->-r requirements.txt (line 18))
#12 42.33   Downloading pyparsing-3.3.2-py3-none-any.whl.metadata (5.8 kB)
#12 42.34 Collecting python-dateutil>=2.7 (from matplotlib>=3.3.0->ultralytics->-r requirements.txt (line 18))
#12 42.35   Downloading python_dateutil-2.9.0.post0-py2.py3-none-any.whl.metadata (8.4 kB)
#12 42.38 Collecting polars-runtime-32==1.39.3 (from polars>=0.20.0->ultralytics->-r requirements.txt (line 18))
#12 42.39   Downloading polars_runtime_32-1.39.3-cp310-abi3-manylinux_2_17_x86_64.manylinux2014_x86_64.whl.metadata (1.5 kB)
#12 42.39 Requirement already satisfied: six>=1.5 in /usr/lib/python3/dist-packages (from python-dateutil>=2.7->matplotlib>=3.3.0->ultralytics->-r requirements.txt (line 18)) (1.16.0)
#12 42.63 Collecting charset_normalizer<4,>=2 (from requests>=2.23.0->ultralytics->-r requirements.txt (line 18))
#12 42.65   Downloading charset_normalizer-3.4.7-cp312-cp312-manylinux2014_x86_64.manylinux_2_17_x86_64.manylinux_2_28_x86_64.whl.metadata (40 kB)
#12 42.68 Collecting urllib3<3,>=1.26 (from requests>=2.23.0->ultralytics->-r requirements.txt (line 18))
#12 42.77   Downloading urllib3-2.6.3-py3-none-any.whl.metadata (6.9 kB)
#12 42.80 Requirement already satisfied: setuptools in /usr/local/lib/python3.12/dist-packages (from torch->timm>=1.0.17->-r requirements.txt (line 14)) (82.0.1)
#12 42.80 Requirement already satisfied: sympy>=1.13.3 in /usr/local/lib/python3.12/dist-packages (from torch->timm>=1.0.17->-r requirements.txt (line 14)) (1.14.0)
#12 42.80 Requirement already satisfied: networkx in /usr/local/lib/python3.12/dist-packages (from torch->timm>=1.0.17->-r requirements.txt (line 14)) (3.6.1)
#12 42.80 Requirement already satisfied: jinja2 in /usr/local/lib/python3.12/dist-packages (from torch->timm>=1.0.17->-r requirements.txt (line 14)) (3.1.6)
#12 42.80 Requirement already satisfied: nvidia-cuda-nvrtc-cu12==12.8.93 in /usr/local/lib/python3.12/dist-packages (from torch->timm>=1.0.17->-r requirements.txt (line 14)) (12.8.93)
#12 42.80 Requirement already satisfied: nvidia-cuda-runtime-cu12==12.8.90 in /usr/local/lib/python3.12/dist-packages (from torch->timm>=1.0.17->-r requirements.txt (line 14)) (12.8.90)
#12 42.80 Requirement already satisfied: nvidia-cuda-cupti-cu12==12.8.90 in /usr/local/lib/python3.12/dist-packages (from torch->timm>=1.0.17->-r requirements.txt (line 14)) (12.8.90)
#12 42.80 Requirement already satisfied: nvidia-cudnn-cu12==9.10.2.21 in /usr/local/lib/python3.12/dist-packages (from torch->timm>=1.0.17->-r requirements.txt (line 14)) (9.10.2.21)
#12 42.80 Requirement already satisfied: nvidia-cublas-cu12==12.8.4.1 in /usr/local/lib/python3.12/dist-packages (from torch->timm>=1.0.17->-r requirements.txt (line 14)) (12.8.4.1)
#12 42.80 Requirement already satisfied: nvidia-cufft-cu12==11.3.3.83 in /usr/local/lib/python3.12/dist-packages (from torch->timm>=1.0.17->-r requirements.txt (line 14)) (11.3.3.83)
#12 42.80 Requirement already satisfied: nvidia-curand-cu12==10.3.9.90 in /usr/local/lib/python3.12/dist-packages (from torch->timm>=1.0.17->-r requirements.txt (line 14)) (10.3.9.90)
#12 42.81 Requirement already satisfied: nvidia-cusolver-cu12==11.7.3.90 in /usr/local/lib/python3.12/dist-packages (from torch->timm>=1.0.17->-r requirements.txt (line 14)) (11.7.3.90)
#12 42.81 Requirement already satisfied: nvidia-cusparse-cu12==12.5.8.93 in /usr/local/lib/python3.12/dist-packages (from torch->timm>=1.0.17->-r requirements.txt (line 14)) (12.5.8.93)
#12 42.81 Requirement already satisfied: nvidia-cusparselt-cu12==0.7.1 in /usr/local/lib/python3.12/dist-packages (from torch->timm>=1.0.17->-r requirements.txt (line 14)) (0.7.1)
#12 42.81 Requirement already satisfied: nvidia-nccl-cu12==2.27.3 in /usr/local/lib/python3.12/dist-packages (from torch->timm>=1.0.17->-r requirements.txt (line 14)) (2.27.3)
#12 42.81 Requirement already satisfied: nvidia-nvtx-cu12==12.8.90 in /usr/local/lib/python3.12/dist-packages (from torch->timm>=1.0.17->-r requirements.txt (line 14)) (12.8.90)
#12 42.81 Requirement already satisfied: nvidia-nvjitlink-cu12==12.8.93 in /usr/local/lib/python3.12/dist-packages (from torch->timm>=1.0.17->-r requirements.txt (line 14)) (12.8.93)
#12 42.81 Requirement already satisfied: nvidia-cufile-cu12==1.13.1.3 in /usr/local/lib/python3.12/dist-packages (from torch->timm>=1.0.17->-r requirements.txt (line 14)) (1.13.1.3)
#12 42.81 Requirement already satisfied: triton==3.4.0 in /usr/local/lib/python3.12/dist-packages (from torch->timm>=1.0.17->-r requirements.txt (line 14)) (3.4.0)
#12 42.83 Requirement already satisfied: mpmath<1.4,>=1.1.0 in /usr/local/lib/python3.12/dist-packages (from sympy>=1.13.3->torch->timm>=1.0.17->-r requirements.txt (line 14)) (1.3.0)
#12 42.86 Collecting httptools>=0.6.3 (from uvicorn[standard]>=0.30.0->-r requirements.txt (line 3))
#12 42.87   Downloading httptools-0.7.1-cp312-cp312-manylinux1_x86_64.manylinux_2_28_x86_64.manylinux_2_5_x86_64.whl.metadata (3.5 kB)
#12 42.95 Collecting uvloop>=0.15.1 (from uvicorn[standard]>=0.30.0->-r requirements.txt (line 3))
#12 42.98   Downloading uvloop-0.22.1-cp312-cp312-manylinux2014_x86_64.manylinux_2_17_x86_64.manylinux_2_28_x86_64.whl.metadata (4.9 kB)
#12 43.21 Collecting watchfiles>=0.20 (from uvicorn[standard]>=0.30.0->-r requirements.txt (line 3))
#12 43.22   Downloading watchfiles-1.1.1-cp312-cp312-manylinux_2_17_x86_64.manylinux2014_x86_64.whl.metadata (4.9 kB)
#12 43.49 Collecting websockets>=10.4 (from uvicorn[standard]>=0.30.0->-r requirements.txt (line 3))
#12 43.50   Downloading websockets-16.0-cp312-cp312-manylinux1_x86_64.manylinux_2_28_x86_64.manylinux_2_5_x86_64.whl.metadata (6.8 kB)
#12 43.53 Collecting soupsieve>=1.6.1 (from beautifulsoup4->gdown->-r requirements.txt (line 26))
#12 43.54   Downloading soupsieve-2.8.3-py3-none-any.whl.metadata (4.6 kB)
#12 43.55 Requirement already satisfied: MarkupSafe>=2.0 in /usr/local/lib/python3.12/dist-packages (from jinja2->torch->timm>=1.0.17->-r requirements.txt (line 14)) (3.0.3)
#12 43.57 Collecting PySocks!=1.5.7,>=1.5.6 (from requests[socks]->gdown->-r requirements.txt (line 26))
#12 43.58   Downloading PySocks-1.7.1-py3-none-any.whl.metadata (13 kB)
#12 43.60 Collecting shellingham>=1.3.0 (from typer->huggingface_hub->-r requirements.txt (line 25))
#12 43.61   Downloading shellingham-1.5.4-py2.py3-none-any.whl.metadata (3.5 kB)
#12 44.02 Collecting rich>=12.3.0 (from typer->huggingface_hub->-r requirements.txt (line 25))
#12 44.03   Downloading rich-15.0.0-py3-none-any.whl.metadata (18 kB)
#12 44.05 Collecting markdown-it-py>=2.2.0 (from rich>=12.3.0->typer->huggingface_hub->-r requirements.txt (line 25))
#12 44.06   Downloading markdown_it_py-4.0.0-py3-none-any.whl.metadata (7.3 kB)
#12 44.09 Collecting pygments<3.0.0,>=2.13.0 (from rich>=12.3.0->typer->huggingface_hub->-r requirements.txt (line 25))
#12 44.11   Downloading pygments-2.20.0-py3-none-any.whl.metadata (2.5 kB)
#12 44.13 Collecting mdurl~=0.1 (from markdown-it-py>=2.2.0->rich>=12.3.0->typer->huggingface_hub->-r requirements.txt (line 25))
#12 44.14   Downloading mdurl-0.1.2-py3-none-any.whl.metadata (1.6 kB)
#12 44.16 Downloading numpy-1.26.4-cp312-cp312-manylinux_2_17_x86_64.manylinux2014_x86_64.whl (18.0 MB)
#12 54.05    ━━━━━━━━━━━━━━━━━━━━━━━━━━━━━━━━━━━━━━━━ 18.0/18.0 MB 1.8 MB/s  0:00:09
#12 54.07 Downloading opencv_python-4.10.0.84-cp37-abi3-manylinux_2_17_x86_64.manylinux2014_x86_64.whl (62.5 MB)
#12 85.62    ━━━━━━━━━━━━━━━━━━━━━━━━━━━━━━━━━━━━━━━━ 62.5/62.5 MB 2.0 MB/s  0:00:31
#12 85.64 Downloading pillow-10.4.0-cp312-cp312-manylinux_2_28_x86_64.whl (4.5 MB)
#12 87.25    ━━━━━━━━━━━━━━━━━━━━━━━━━━━━━━━━━━━━━━━━ 4.5/4.5 MB 3.0 MB/s  0:00:01
#12 87.26 Downloading python_dotenv-1.0.1-py3-none-any.whl (19 kB)
#12 87.28 Downloading ftfy-6.1.1-py3-none-any.whl (53 kB)
#12 87.30 Downloading fastapi-0.135.3-py3-none-any.whl (117 kB)
#12 87.37 Downloading uvicorn-0.44.0-py3-none-any.whl (69 kB)
#12 87.41 Downloading python_multipart-0.0.26-py3-none-any.whl (28 kB)
#12 87.43 Downloading pydantic-2.13.0-py3-none-any.whl (471 kB)
#12 87.63 Downloading pydantic_core-2.46.0-cp312-cp312-manylinux_2_17_x86_64.manylinux2014_x86_64.whl (2.1 MB)
#12 88.47    ━━━━━━━━━━━━━━━━━━━━━━━━━━━━━━━━━━━━━━━━ 2.1/2.1 MB 2.4 MB/s  0:00:00
#12 88.49 Downloading pydantic_settings-2.13.1-py3-none-any.whl (58 kB)
#12 88.51 Downloading einops-0.8.2-py3-none-any.whl (65 kB)
#12 88.54 Downloading timm-1.0.26-py3-none-any.whl (2.6 MB)
#12 89.45    ━━━━━━━━━━━━━━━━━━━━━━━━━━━━━━━━━━━━━━━━ 2.6/2.6 MB 2.8 MB/s  0:00:00
#12 89.47 Downloading pycocotools-2.0.11-cp312-abi3-manylinux2014_x86_64.manylinux_2_17_x86_64.manylinux_2_28_x86_64.whl (411 kB)
#12 89.63 Downloading ultralytics-8.4.37-py3-none-any.whl (1.2 MB)
#12 90.32    ━━━━━━━━━━━━━━━━━━━━━━━━━━━━━━━━━━━━━━━━ 1.2/1.2 MB 1.6 MB/s  0:00:00
#12 90.34 Downloading huggingface_hub-1.10.2-py3-none-any.whl (642 kB)
#12 90.54    ━━━━━━━━━━━━━━━━━━━━━━━━━━━━━━━━━━━━━━━━ 642.6/642.6 kB 2.9 MB/s  0:00:00
#12 90.56 Downloading hf_xet-1.4.3-cp37-abi3-manylinux2014_x86_64.manylinux_2_17_x86_64.whl (4.2 MB)
#12 92.81    ━━━━━━━━━━━━━━━━━━━━━━━━━━━━━━━━━━━━━━━━ 4.2/4.2 MB 1.8 MB/s  0:00:02
#12 92.82 Downloading httpx-0.28.1-py3-none-any.whl (73 kB)
#12 92.86 Downloading httpcore-1.0.9-py3-none-any.whl (78 kB)
#12 92.91 Downloading gdown-6.0.0-py3-none-any.whl (18 kB)
#12 92.92 Downloading aiosqlite-0.22.1-py3-none-any.whl (17 kB)
#12 92.96 Downloading annotated_doc-0.0.4-py3-none-any.whl (5.3 kB)
#12 92.98 Downloading annotated_types-0.7.0-py3-none-any.whl (13 kB)
#12 93.00 Downloading click-8.3.2-py3-none-any.whl (108 kB)
#12 93.15 Downloading h11-0.16.0-py3-none-any.whl (37 kB)
#12 93.20 Downloading matplotlib-3.10.8-cp312-cp312-manylinux2014_x86_64.manylinux_2_17_x86_64.whl (8.7 MB)
#12 97.31    ━━━━━━━━━━━━━━━━━━━━━━━━━━━━━━━━━━━━━━━━ 8.7/8.7 MB 2.1 MB/s  0:00:04
#12 97.32 Downloading contourpy-1.3.3-cp312-cp312-manylinux_2_27_x86_64.manylinux_2_28_x86_64.whl (362 kB)
#12 97.45 Downloading cycler-0.12.1-py3-none-any.whl (8.3 kB)
#12 97.50 Downloading fonttools-4.62.1-cp312-cp312-manylinux2014_x86_64.manylinux_2_17_x86_64.whl (5.0 MB)
#12 99.69    ━━━━━━━━━━━━━━━━━━━━━━━━━━━━━━━━━━━━━━━━ 5.0/5.0 MB 2.2 MB/s  0:00:02
#12 99.71 Downloading kiwisolver-1.5.0-cp312-cp312-manylinux2014_x86_64.manylinux_2_17_x86_64.whl (1.5 MB)
#12 100.3    ━━━━━━━━━━━━━━━━━━━━━━━━━━━━━━━━━━━━━━━━ 1.5/1.5 MB 2.5 MB/s  0:00:00
#12 100.3 Downloading packaging-26.0-py3-none-any.whl (74 kB)
#12 100.5 Downloading polars-1.39.3-py3-none-any.whl (823 kB)
#12 100.8    ━━━━━━━━━━━━━━━━━━━━━━━━━━━━━━━━━━━━━━━━ 824.0/824.0 kB 2.5 MB/s  0:00:00
#12 100.8 Downloading polars_runtime_32-1.39.3-cp310-abi3-manylinux_2_17_x86_64.manylinux2014_x86_64.whl (46.9 MB)
#12 125.7    ━━━━━━━━━━━━━━━━━━━━━━━━━━━━━━━━━━━━━━━━ 46.9/46.9 MB 1.9 MB/s  0:00:24
#12 125.7 Downloading psutil-7.2.2-cp36-abi3-manylinux2010_x86_64.manylinux_2_12_x86_64.manylinux_2_28_x86_64.whl (155 kB)
#12 125.8 Downloading pyparsing-3.3.2-py3-none-any.whl (122 kB)
#12 125.9 Downloading python_dateutil-2.9.0.post0-py2.py3-none-any.whl (229 kB)
#12 126.0 Downloading pyyaml-6.0.3-cp312-cp312-manylinux2014_x86_64.manylinux_2_17_x86_64.manylinux_2_28_x86_64.whl (807 kB)
#12 126.4    ━━━━━━━━━━━━━━━━━━━━━━━━━━━━━━━━━━━━━━━━ 807.9/807.9 kB 1.9 MB/s  0:00:00
#12 126.5 Downloading requests-2.33.1-py3-none-any.whl (64 kB)
#12 126.5 Downloading charset_normalizer-3.4.7-cp312-cp312-manylinux2014_x86_64.manylinux_2_17_x86_64.manylinux_2_28_x86_64.whl (216 kB)
#12 126.9 Downloading idna-3.11-py3-none-any.whl (71 kB)
#12 127.0 Downloading urllib3-2.6.3-py3-none-any.whl (131 kB)
#12 127.1 Downloading certifi-2026.2.25-py3-none-any.whl (153 kB)
#12 127.3 Downloading scipy-1.17.1-cp312-cp312-manylinux_2_27_x86_64.manylinux_2_28_x86_64.whl (35.2 MB)
#12 145.3    ━━━━━━━━━━━━━━━━━━━━━━━━━━━━━━━━━━━━━━━━ 35.2/35.2 MB 2.0 MB/s  0:00:18
#12 145.3 Downloading starlette-1.0.0-py3-none-any.whl (72 kB)
#12 145.3 Downloading anyio-4.13.0-py3-none-any.whl (114 kB)
#12 145.4 Downloading tqdm-4.67.3-py3-none-any.whl (78 kB)
#12 145.6 Downloading typing_inspection-0.4.2-py3-none-any.whl (14 kB)
#12 145.6 Downloading ultralytics_thop-2.0.18-py3-none-any.whl (28 kB)
#12 145.6 Downloading httptools-0.7.1-cp312-cp312-manylinux1_x86_64.manylinux_2_28_x86_64.manylinux_2_5_x86_64.whl (517 kB)
#12 145.9 Downloading uvloop-0.22.1-cp312-cp312-manylinux2014_x86_64.manylinux_2_17_x86_64.manylinux_2_28_x86_64.whl (4.4 MB)
#12 148.0    ━━━━━━━━━━━━━━━━━━━━━━━━━━━━━━━━━━━━━━━━ 4.4/4.4 MB 2.0 MB/s  0:00:02
#12 148.1 Downloading watchfiles-1.1.1-cp312-cp312-manylinux_2_17_x86_64.manylinux2014_x86_64.whl (456 kB)
#12 148.3 Downloading wcwidth-0.6.0-py3-none-any.whl (94 kB)
#12 148.3 Downloading websockets-16.0-cp312-cp312-manylinux1_x86_64.manylinux_2_28_x86_64.manylinux_2_5_x86_64.whl (184 kB)
#12 148.4 Downloading beautifulsoup4-4.14.3-py3-none-any.whl (107 kB)
#12 148.5 Downloading soupsieve-2.8.3-py3-none-any.whl (37 kB)
#12 148.5 Downloading portalocker-3.2.0-py3-none-any.whl (22 kB)
#12 148.5 Downloading regex-2026.4.4-cp312-cp312-manylinux2014_x86_64.manylinux_2_17_x86_64.manylinux_2_28_x86_64.whl (801 kB)
#12 149.0    ━━━━━━━━━━━━━━━━━━━━━━━━━━━━━━━━━━━━━━━━ 801.1/801.1 kB 2.1 MB/s  0:00:00
#12 149.0 Downloading PySocks-1.7.1-py3-none-any.whl (16 kB)
#12 149.1 Downloading safetensors-0.7.0-cp38-abi3-manylinux_2_17_x86_64.manylinux2014_x86_64.whl (507 kB)
#12 149.3 Downloading typer-0.24.1-py3-none-any.whl (56 kB)
#12 149.4 Downloading rich-15.0.0-py3-none-any.whl (310 kB)
#12 149.6 Downloading pygments-2.20.0-py3-none-any.whl (1.2 MB)
#12 150.3    ━━━━━━━━━━━━━━━━━━━━━━━━━━━━━━━━━━━━━━━━ 1.2/1.2 MB 2.0 MB/s  0:00:00
#12 150.3 Downloading markdown_it_py-4.0.0-py3-none-any.whl (87 kB)
#12 150.4 Downloading mdurl-0.1.2-py3-none-any.whl (10.0 kB)
#12 150.4 Downloading shellingham-1.5.4-py2.py3-none-any.whl (9.8 kB)
#12 151.0 Building wheels for collected packages: sam3, iopath
#12 151.0   Building wheel for sam3 (pyproject.toml): started
#12 151.7   Building wheel for sam3 (pyproject.toml): finished with status 'done'
#12 151.7   Created wheel for sam3: filename=sam3-0.1.0-py3-none-any.whl size=2032355 sha256=7c6b8a688e00c2befaa9626999134656c8aeea90118bf3685e0a6ad661b8c7ac
#12 151.7   Stored in directory: /tmp/pip-ephem-wheel-cache-d7j2bvso/wheels/d0/2d/ba/135e3f5c76e53027dc9bfe15a474878249dcb047e3c0176d4e
#12 151.7   Building wheel for iopath (pyproject.toml): started
#12 152.0   Building wheel for iopath (pyproject.toml): finished with status 'done'
#12 152.0   Created wheel for iopath: filename=iopath-0.1.10-py3-none-any.whl size=31596 sha256=1b1ec71ae0904fab2b80a85654e87d7fbc1a83989ddea516b15d011e4c305ef3
#12 152.0   Stored in directory: /tmp/pip-ephem-wheel-cache-d7j2bvso/wheels/7c/96/04/4f5f31ff812f684f69f40cb1634357812220aac58d4698048c
#12 152.0 Successfully built sam3 iopath
#12 152.1 Installing collected packages: websockets, wcwidth, uvloop, urllib3, typing-inspection, tqdm, soupsieve, shellingham, safetensors, regex, pyyaml, python-multipart, python-dotenv, python-dateutil, PySocks, pyparsing, pygments, pydantic-core, psutil, portalocker, polars-runtime-32, Pillow, packaging, numpy, mdurl, kiwisolver, idna, httptools, hf-xet, h11, fonttools, einops, cycler, click, charset_normalizer, certifi, annotated-types, annotated-doc, aiosqlite, uvicorn, scipy, requests, pydantic, pycocotools, polars, opencv-python, markdown-it-py, iopath, httpcore, ftfy, contourpy, beautifulsoup4, anyio, watchfiles, starlette, rich, pydantic-settings, matplotlib, httpx, ultralytics-thop, typer, gdown, fastapi, ultralytics, huggingface_hub, timm, sam3
#12 152.8   Attempting uninstall: pyparsing
#12 152.8     Found existing installation: pyparsing 2.4.7
#12 152.8     Uninstalling pyparsing-2.4.7:
#12 152.8       Successfully uninstalled pyparsing-2.4.7
#12 154.3   Attempting uninstall: Pillow
#12 154.3     Found existing installation: pillow 12.2.0
#12 154.3     Uninstalling pillow-12.2.0:
#12 154.6       Successfully uninstalled pillow-12.2.0
#12 155.1   Attempting uninstall: numpy
#12 155.1     Found existing installation: numpy 2.4.4
#12 155.1     Uninstalling numpy-2.4.4:
#12 156.5       Successfully uninstalled numpy-2.4.4
#12 168.5 
#12 168.5 Successfully installed Pillow-10.4.0 PySocks-1.7.1 aiosqlite-0.22.1 annotated-doc-0.0.4 annotated-types-0.7.0 anyio-4.13.0 beautifulsoup4-4.14.3 certifi-2026.2.25 charset_normalizer-3.4.7 click-8.3.2 contourpy-1.3.3 cycler-0.12.1 einops-0.8.2 fastapi-0.135.3 fonttools-4.62.1 ftfy-6.1.1 gdown-6.0.0 h11-0.16.0 hf-xet-1.4.3 httpcore-1.0.9 httptools-0.7.1 httpx-0.28.1 huggingface_hub-1.10.2 idna-3.11 iopath-0.1.10 kiwisolver-1.5.0 markdown-it-py-4.0.0 matplotlib-3.10.8 mdurl-0.1.2 numpy-1.26.4 opencv-python-4.10.0.84 packaging-26.0 polars-1.39.3 polars-runtime-32-1.39.3 portalocker-3.2.0 psutil-7.2.2 pycocotools-2.0.11 pydantic-2.13.0 pydantic-core-2.46.0 pydantic-settings-2.13.1 pygments-2.20.0 pyparsing-3.3.2 python-dateutil-2.9.0.post0 python-dotenv-1.0.1 python-multipart-0.0.26 pyyaml-6.0.3 regex-2026.4.4 requests-2.33.1 rich-15.0.0 safetensors-0.7.0 sam3-0.1.0 scipy-1.17.1 shellingham-1.5.4 soupsieve-2.8.3 starlette-1.0.0 timm-1.0.26 tqdm-4.67.3 typer-0.24.1 typing-inspection-0.4.2 ultralytics-8.4.37 ultralytics-thop-2.0.18 urllib3-2.6.3 uvicorn-0.44.0 uvloop-0.22.1 watchfiles-1.1.1 wcwidth-0.6.0 websockets-16.0
#12 168.5 WARNING: Running pip as the 'root' user can result in broken permissions and conflicting behaviour with the system package manager, possibly rendering your system unusable. It is recommended to use a virtual environment instead: https://pip.pypa.io/warnings/venv. Use the --root-user-action option if you know what you are doing and want to suppress this warning.
#12 DONE 169.9s

#13 [ 8/11] COPY backend/app/ app/
#13 DONE 0.3s

#14 [ 9/11] COPY backend/start.sh .
#14 DONE 0.0s

#15 [10/11] RUN chmod +x start.sh
#15 DONE 0.2s

#16 [11/11] COPY caf.py utils.py config.json download.py ./
#16 DONE 0.0s

#17 exporting to image
#17 exporting layers
#17 exporting layers 278.5s done
#17 exporting manifest sha256:b29b4c7f471b6d7b132b4e950823ae0587cc88549c4912878532557fbb5f28ff 0.0s done
#17 exporting config sha256:1c0e560bfccbcdd51195527906b540bce0b3bc4bd6e440925b3bd8aa6c9b0b0e 0.0s done
#17 exporting attestation manifest sha256:d408fbba7ff43c0cf7dd84cc23574bad9b0724af92f36694700a00fb0064ec79
#17 exporting attestation manifest sha256:d408fbba7ff43c0cf7dd84cc23574bad9b0724af92f36694700a00fb0064ec79 0.0s done
#17 exporting manifest list sha256:14dbd450ada90164a0f8aecc7fc39b5fb78d4b3aa3f4ac9b2096dd5729735d6c done
#17 naming to docker.io/library/teeth-seg-api:latest 0.1s done
#17 DONE 278.9s

 [33m1 warning found (use docker --debug to expand):
[0m - FromPlatformFlagConstDisallowed: FROM --platform flag should not use constant value "linux/amd64" (line 5)
